<?xml version="1.0" encoding="UTF-8"?>
<testsuite name="com.cs489.lab2a.service.PensionReportServiceTest" tests="4" skipped="0" failures="2" errors="0" timestamp="2026-03-31T19:18:51.696Z" hostname="tpmac.local" time="0.007">
  <properties/>
  <testcase name="allEmployeesAreSortedBySalaryDescendingThenLastNameAscending()" classname="com.cs489.lab2a.service.PensionReportServiceTest" time="0.005">
    <failure message="org.opentest4j.AssertionFailedError: expected: &lt;[Carly, Benard, Daniel, Yosef, Anna, Wesley, Maya, Liam]&gt; but was: &lt;[Carly, Benard, Daniel, Yosef, Anna, Wesley, May, Maya, Liam]&gt;" type="org.opentest4j.AssertionFailedError">org.opentest4j.AssertionFailedError: expected: &lt;[Carly, Benard, Daniel, Yosef, Anna, Wesley, Maya, Liam]&gt; but was: &lt;[Carly, Benard, Daniel, Yosef, Anna, Wesley, May, Maya, Liam]&gt;
	at app//org.junit.jupiter.api.AssertionFailureBuilder.build(AssertionFailureBuilder.java:151)
	at app//org.junit.jupiter.api.AssertionFailureBuilder.buildAndThrow(AssertionFailureBuilder.java:132)
	at app//org.junit.jupiter.api.AssertEquals.failNotEqual(AssertEquals.java:197)
	at app//org.junit.jupiter.api.AssertEquals.assertEquals(AssertEquals.java:182)
	at app//org.junit.jupiter.api.AssertEquals.assertEquals(AssertEquals.java:177)
	at app//org.junit.jupiter.api.Assertions.assertEquals(Assertions.java:1145)
	at app//com.cs489.lab2a.service.PensionReportServiceTest.allEmployeesAreSortedBySalaryDescendingThenLastNameAscending(PensionReportServiceTest.java:28)
	at java.base@25.0.2/java.lang.reflect.Method.invoke(Method.java:565)
	at java.base@25.0.2/java.util.ArrayList.forEach(ArrayList.java:1604)
	at java.base@25.0.2/java.util.ArrayList.forEach(ArrayList.java:1604)
</failure>
  </testcase>
  <testcase name="upcomingEnrolleesIncludeTheNewlySeededEmployeeForSeededCurrentDate()" classname="com.cs489.lab2a.service.PensionReportServiceTest" time="0.001">
    <failure message="org.opentest4j.AssertionFailedError: expected: &lt;1&gt; but was: &lt;2&gt;" type="org.opentest4j.AssertionFailedError">org.opentest4j.AssertionFailedError: expected: &lt;1&gt; but was: &lt;2&gt;
	at app//org.junit.jupiter.api.AssertionFailureBuilder.build(AssertionFailureBuilder.java:151)
	at app//org.junit.jupiter.api.AssertionFailureBuilder.buildAndThrow(AssertionFailureBuilder.java:132)
	at app//org.junit.jupiter.api.AssertEquals.failNotEqual(AssertEquals.java:197)
	at app//org.junit.jupiter.api.AssertEquals.assertEquals(AssertEquals.java:150)
	at app//org.junit.jupiter.api.AssertEquals.assertEquals(AssertEquals.java:145)
	at app//org.junit.jupiter.api.Assertions.assertEquals(Assertions.java:531)
	at app//com.cs489.lab2a.service.PensionReportServiceTest.upcomingEnrolleesIncludeTheNewlySeededEmployeeForSeededCurrentDate(PensionReportServiceTest.java:43)
	at java.base@25.0.2/java.lang.reflect.Method.invoke(Method.java:565)
	at java.base@25.0.2/java.util.ArrayList.forEach(ArrayList.java:1604)
	at java.base@25.0.2/java.util.ArrayList.forEach(ArrayList.java:1604)
</failure>
  </testcase>
  <testcase name="nextQuarterBoundariesHandleYearEnd()" classname="com.cs489.lab2a.service.PensionReportServiceTest" time="0.001"/>
  <testcase name="upcomingEnrolleesIncludeOnlyEmployeesWhoseThirdAnniversaryFallsInNextQuarter()" classname="com.cs489.lab2a.service.PensionReportServiceTest" time="0.0"/>
  <system-out><![CDATA[]]></system-out>
  <system-err><![CDATA[]]></system-err>
</testsuite>
