<?xml version="1.0" encoding="UTF-8"?>
<testsuite name="com.cs489.lab2a.PensionCliAppTest" tests="2" skipped="0" failures="0" errors="0" timestamp="2026-03-31T19:18:51.603Z" hostname="tpmac.local" time="0.091">
  <properties/>
  <testcase name="upcomingEnrolleesCommandPrintsQualifyingEmployee()" classname="com.cs489.lab2a.PensionCliAppTest" time="0.089"/>
  <testcase name="employeesCommandPrintsJsonArray()" classname="com.cs489.lab2a.PensionCliAppTest" time="0.001"/>
  <system-out><![CDATA[]]></system-out>
  <system-err><![CDATA[]]></system-err>
</testsuite>
